# JRE version: Java(TM) SE Runtime Environment (8.0_112-b16) (build 1.8.0_112-b16)
# Java VM: Java HotSpot(TM) 64-Bit Server VM (25.112-b16 mixed mode bsd-amd64 compressed oops)
Heap:
 PSYoungGen      total 301568K, used 5463K [0x00000007aab00000, 0x00000007bee00000, 0x00000007c0000000)
  eden space 297984K, 1% used [0x00000007aab00000,0x00000007ab055ed0,0x00000007bce00000)
  from space 3584K, 0% used [0x00000007bce00000,0x00000007bce00000,0x00000007bd180000)
  to   space 16384K, 0% used [0x00000007bde00000,0x00000007bde00000,0x00000007bee00000)
 ParOldGen       total 37888K, used 17589K [0x0000000780000000, 0x0000000782500000, 0x00000007aab00000)
  object space 37888K, 46% used [0x0000000780000000,0x000000078112d6f0,0x0000000782500000)
 Metaspace       used 55473K, capacity 57934K, committed 58032K, reserved 1099776K
  class space    used 7313K, capacity 7769K, committed 7856K, reserved 1048576K
GC Heap History (10 events):
Event: 192.141 GC heap before
{Heap before GC invocations=13 (full 2):
 PSYoungGen      total 207360K, used 196608K [0x00000007aab00000, 0x00000007b8200000, 0x00000007c0000000)
  eden space 196608K, 100% used [0x00000007aab00000,0x00000007b6b00000,0x00000007b6b00000)
  from space 10752K, 0% used [0x00000007b7780000,0x00000007b7780000,0x00000007b8200000)
  to   space 11776K, 0% used [0x00000007b6b00000,0x00000007b6b00000,0x00000007b7680000)
 ParOldGen       total 37888K, used 13958K [0x0000000780000000, 0x0000000782500000, 0x00000007aab00000)
  object space 37888K, 36% used [0x0000000780000000,0x0000000780da1ae8,0x0000000782500000)
 Metaspace       used 53071K, capacity 55392K, committed 55728K, reserved 1097728K
  class space    used 7058K, capacity 7495K, committed 7600K, reserved 1048576K
Event: 192.289 GC heap after
Heap after GC invocations=13 (full 2):
 PSYoungGen      total 208384K, used 11757K [0x00000007aab00000, 0x00000007bf000000, 0x00000007c0000000)
  eden space 196608K, 0% used [0x00000007aab00000,0x00000007aab00000,0x00000007b6b00000)
  from space 11776K, 99% used [0x00000007b6b00000,0x00000007b767b630,0x00000007b7680000)
  to   space 17408K, 0% used [0x00000007bdf00000,0x00000007bdf00000,0x00000007bf000000)
 ParOldGen       total 37888K, used 23576K [0x0000000780000000, 0x0000000782500000, 0x00000007aab00000)
  object space 37888K, 62% used [0x0000000780000000,0x0000000781706208,0x0000000782500000)
 Metaspace       used 53071K, capacity 55392K, committed 55728K, reserved 1097728K
  class space    used 7058K, capacity 7495K, committed 7600K, reserved 1048576K
}
Event: 800.900 GC heap before
{Heap before GC invocations=14 (full 2):
 PSYoungGen      total 208384K, used 87609K [0x00000007aab00000, 0x00000007bf000000, 0x00000007c0000000)
  eden space 196608K, 38% used [0x00000007aab00000,0x00000007af513050,0x00000007b6b00000)
  from space 11776K, 99% used [0x00000007b6b00000,0x00000007b767b630,0x00000007b7680000)
  to   space 17408K, 0% used [0x00000007bdf00000,0x00000007bdf00000,0x00000007bf000000)
 ParOldGen       total 37888K, used 23576K [0x0000000780000000, 0x0000000782500000, 0x00000007aab00000)
  object space 37888K, 62% used [0x0000000780000000,0x0000000781706208,0x0000000782500000)
 Metaspace       used 55130K, capacity 57532K, committed 57776K, reserved 1099776K
  class space    used 7304K, capacity 7760K, committed 7856K, reserved 1048576K
Event: 800.989 GC heap after
Heap after GC invocations=14 (full 2):
 PSYoungGen      total 314368K, used 2228K [0x00000007aab00000, 0x00000007bef00000, 0x00000007c0000000)
  eden space 297984K, 0% used [0x00000007aab00000,0x00000007aab00000,0x00000007bce00000)
  from space 16384K, 13% used [0x00000007bdf00000,0x00000007be12d3a8,0x00000007bef00000)
  to   space 16896K, 0% used [0x00000007bce00000,0x00000007bce00000,0x00000007bde80000)
 ParOldGen       total 37888K, used 29716K [0x0000000780000000, 0x0000000782500000, 0x00000007aab00000)
  object space 37888K, 78% used [0x0000000780000000,0x0000000781d05368,0x0000000782500000)
 Metaspace       used 55130K, capacity 57532K, committed 57776K, reserved 1099776K
  class space    used 7304K, capacity 7760K, committed 7856K, reserved 1048576K
}
Event: 800.989 GC heap before
{Heap before GC invocations=15 (full 3):
 PSYoungGen      total 314368K, used 2228K [0x00000007aab00000, 0x00000007bef00000, 0x00000007c0000000)
  eden space 297984K, 0% used [0x00000007aab00000,0x00000007aab00000,0x00000007bce00000)
  from space 16384K, 13% used [0x00000007bdf00000,0x00000007be12d3a8,0x00000007bef00000)
  to   space 16896K, 0% used [0x00000007bce00000,0x00000007bce00000,0x00000007bde80000)
 ParOldGen       total 37888K, used 29716K [0x0000000780000000, 0x0000000782500000, 0x00000007aab00000)
  object space 37888K, 78% used [0x0000000780000000,0x0000000781d05368,0x0000000782500000)
 Metaspace       used 55130K, capacity 57532K, committed 57776K, reserved 1099776K
  class space    used 7304K, capacity 7760K, committed 7856K, reserved 1048576K
Event: 801.428 GC heap after
Heap after GC invocations=15 (full 3):
 PSYoungGen      total 314368K, used 0K [0x00000007aab00000, 0x00000007bef00000, 0x00000007c0000000)
  eden space 297984K, 0% used [0x00000007aab00000,0x00000007aab00000,0x00000007bce00000)
  from space 16384K, 0% used [0x00000007bdf00000,0x00000007bdf00000,0x00000007bef00000)
  to   space 16896K, 0% used [0x00000007bce00000,0x00000007bce00000,0x00000007bde80000)
 ParOldGen       total 37888K, used 18290K [0x0000000780000000, 0x0000000782500000, 0x00000007aab00000)
  object space 37888K, 48% used [0x0000000780000000,0x00000007811dc968,0x0000000782500000)
 Metaspace       used 55108K, capacity 57496K, committed 57776K, reserved 1099776K
  class space    used 7301K, capacity 7754K, committed 7856K, reserved 1048576K
}
Event: 928.991 GC heap before
{Heap before GC invocations=16 (full 3):
 PSYoungGen      total 314368K, used 154095K [0x00000007aab00000, 0x00000007bef00000, 0x00000007c0000000)
  eden space 297984K, 51% used [0x00000007aab00000,0x00000007b417be40,0x00000007bce00000)
  from space 16384K, 0% used [0x00000007bdf00000,0x00000007bdf00000,0x00000007bef00000)
  to   space 16896K, 0% used [0x00000007bce00000,0x00000007bce00000,0x00000007bde80000)
 ParOldGen       total 37888K, used 18290K [0x0000000780000000, 0x0000000782500000, 0x00000007aab00000)
  object space 37888K, 48% used [0x0000000780000000,0x00000007811dc968,0x0000000782500000)
 Metaspace       used 55475K, capacity 57940K, committed 58032K, reserved 1099776K
  class space    used 7313K, capacity 7771K, committed 7856K, reserved 1048576K
Event: 929.097 GC heap after
Heap after GC invocations=16 (full 3):
 PSYoungGen      total 301568K, used 3410K [0x00000007aab00000, 0x00000007bee00000, 0x00000007c0000000)
  eden space 297984K, 0% used [0x00000007aab00000,0x00000007aab00000,0x00000007bce00000)
  from space 3584K, 95% used [0x00000007bce00000,0x00000007bd1548b8,0x00000007bd180000)
  to   space 16384K, 0% used [0x00000007bde00000,0x00000007bde00000,0x00000007bee00000)
 ParOldGen       total 37888K, used 18298K [0x0000000780000000, 0x0000000782500000, 0x00000007aab00000)
  object space 37888K, 48% used [0x0000000780000000,0x00000007811de968,0x0000000782500000)
 Metaspace       used 55475K, capacity 57940K, committed 58032K, reserved 1099776K
  class space    used 7313K, capacity 7771K, committed 7856K, reserved 1048576K
}
Event: 929.097 GC heap before
{Heap before GC invocations=17 (full 4):
 PSYoungGen      total 301568K, used 3410K [0x00000007aab00000, 0x00000007bee00000, 0x00000007c0000000)
  eden space 297984K, 0% used [0x00000007aab00000,0x00000007aab00000,0x00000007bce00000)
  from space 3584K, 95% used [0x00000007bce00000,0x00000007bd1548b8,0x00000007bd180000)
  to   space 16384K, 0% used [0x00000007bde00000,0x00000007bde00000,0x00000007bee00000)
 ParOldGen       total 37888K, used 18298K [0x0000000780000000, 0x0000000782500000, 0x00000007aab00000)
  object space 37888K, 48% used [0x0000000780000000,0x00000007811de968,0x0000000782500000)
 Metaspace       used 55475K, capacity 57940K, committed 58032K, reserved 1099776K
  class space    used 7313K, capacity 7771K, committed 7856K, reserved 1048576K
Event: 929.515 GC heap after
Heap after GC invocations=17 (full 4):
 PSYoungGen      total 301568K, used 0K [0x00000007aab00000, 0x00000007bee00000, 0x00000007c0000000)
  eden space 297984K, 0% used [0x00000007aab00000,0x00000007aab00000,0x00000007bce00000)
  from space 3584K, 0% used [0x00000007bce00000,0x00000007bce00000,0x00000007bd180000)
  to   space 16384K, 0% used [0x00000007bde00000,0x00000007bde00000,0x00000007bee00000)
 ParOldGen       total 37888K, used 17589K [0x0000000780000000, 0x0000000782500000, 0x00000007aab00000)
  object space 37888K, 46% used [0x0000000780000000,0x000000078112d6f0,0x0000000782500000)
 Metaspace       used 55473K, capacity 57934K, committed 58032K, reserved 1099776K
  class space    used 7313K, capacity 7769K, committed 7856K, reserved 1048576K
}

